2022-09-22 22:31:15:3115 [32minfo[39m: [32mserver started at http://localhost:8080[39m
2022-09-22 22:34:03:343 [32minfo[39m: [32mserver started at http://localhost:8080[39m
2022-09-22 22:36:35:3635 [32minfo[39m: [32mserver started at http://localhost:8080[39m
2022-09-22 22:37:13:3713 [32minfo[39m: [32mserver started at http://localhost:8080[39m
2022-09-22 22:38:56:3856 [32minfo[39m: [32mserver started at http://localhost:8080[39m
2022-09-22 22:44:49:4449 [32minfo[39m: [32mserver started at http://localhost:8080[39m
2022-09-22 23:05:22:522 [32minfo[39m: [32mserver started at http://localhost:8080[39m
2022-09-23 19:19:14:1914 [32minfo[39m: [32mpassport and sessions loaded[39m
2022-09-23 19:19:14:1914 [32minfo[39m: [32m  App is running at http://localhost:%d in %s mode[39m
2022-09-23 19:19:14:1914 [32minfo[39m: [32m  Press CTRL-C to stop[39m
[32m[39m
2022-09-23 19:19:44:1944 [31merror[39m: [31mconnect ECONNREFUSED ::1:27017[39m
2022-09-23 19:20:19:2019 [32minfo[39m: [32mpassport and sessions loaded[39m
2022-09-23 19:20:19:2019 [32minfo[39m: [32m  App is running at http://localhost:%d in %s mode[39m
2022-09-23 19:20:19:2019 [32minfo[39m: [32m  Press CTRL-C to stop[39m
[32m[39m
2022-09-23 19:20:49:2049 [31merror[39m: [31mconnect ECONNREFUSED ::1:12345[39m
2022-09-23 19:22:13:2213 [32minfo[39m: [32mpassport and sessions loaded[39m
2022-09-23 19:22:13:2213 [32minfo[39m: [32m  App is running at http://localhost:%d in %s mode[39m
2022-09-23 19:22:13:2213 [32minfo[39m: [32m  Press CTRL-C to stop[39m
[32m[39m
2022-09-23 19:22:43:2243 [31merror[39m: [31mconnect ECONNREFUSED ::1:12345[39m
2022-09-23 19:24:56:2456 [32minfo[39m: [32mpassport and sessions loaded[39m
2022-09-23 19:24:56:2456 [32minfo[39m: [32m  App is running at http://localhost:%d in %s mode[39m
2022-09-23 19:24:56:2456 [32minfo[39m: [32m  Press CTRL-C to stop[39m
[32m[39m
2022-09-23 19:25:26:2526 [31merror[39m: [31mconnect ECONNREFUSED ::1:12345[39m
2022-09-23 19:26:37:2637 [32minfo[39m: [32mpassport and sessions loaded[39m
2022-09-23 19:26:37:2637 [32minfo[39m: [32m  App is running at http://localhost:%d in %s mode[39m
2022-09-23 19:26:37:2637 [32minfo[39m: [32m  Press CTRL-C to stop[39m
[32m[39m
2022-09-23 19:27:07:277 [31merror[39m: [31mconnect ECONNREFUSED ::1:12345[39m
2022-09-23 19:28:22:2822 [32minfo[39m: [32mpassport and sessions loaded[39m
2022-09-23 19:28:22:2822 [32minfo[39m: [32m  App is running at http://localhost:%d in %s mode[39m
2022-09-23 19:28:22:2822 [32minfo[39m: [32m  Press CTRL-C to stop[39m
[32m[39m
2022-09-23 19:28:48:2848 [32minfo[39m: [32mpassport and sessions loaded[39m
2022-09-23 19:28:48:2848 [32minfo[39m: [32m  App is running at http://localhost:%d in %s mode[39m
2022-09-23 19:28:48:2848 [32minfo[39m: [32m  Press CTRL-C to stop[39m
[32m[39m
2022-09-23 19:29:18:2918 [31merror[39m: [31mVISWAAmongodb://localhost:12345/kalakriticonnect ECONNREFUSED ::1:12345[39m
2022-09-23 19:32:09:329 [32minfo[39m: [32mpassport and sessions loaded[39m
2022-09-23 19:32:09:329 [32minfo[39m: [32m  App is running at http://localhost:%d in %s mode[39m
2022-09-23 19:32:09:329 [32minfo[39m: [32m  Press CTRL-C to stop[39m
[32m[39m
2022-09-23 19:32:09:329 [32minfo[39m: [32mMongoDB Connected...[39m
2022-09-23 19:32:09:329 [32minfo[39m: [32mAttempting to populate database with user types...[39m
2022-09-23 19:32:09:329 [32minfo[39m: [32mPopulating database with user types...[39m
2022-09-23 19:32:09:329 [32minfo[39m: [32mDatabase populated with user types.[39m
2022-09-23 19:36:04:364 [32minfo[39m: [32mreceived request to register user: [39m
2022-09-23 19:36:04:364 [32minfo[39m: [32mproperties provided for registration[39m
2022-09-23 19:36:04:364 [32minfo[39m: [32mno access levels provided defaulting to user[39m
2022-09-23 19:36:04:364 [32minfo[39m: [32mfirst user is being created[39m
2022-09-23 19:36:04:364 [32minfo[39m: [32muser registered[39m
2022-09-23 19:36:04:364 [32minfo[39m: [32m{[39m
[32m  email: 'vissu1222@gmail.com',[39m
[32m  username: 'vissu1222@gmail.com',[39m
[32m  userAccess: [[39m
[32m    new ObjectId("632e50091a6b5dced9615bcc"),[39m
[32m    new ObjectId("632e50091a6b5dced9615bc8")[39m
[32m  ][39m
[32m}[39m
2022-09-23 19:36:04:364 [32minfo[39m: [32maccess converted is user,admin[39m
2022-10-01 15:46:29:4629 [32minfo[39m: [32mpassport and sessions loaded[39m
2022-10-01 15:46:29:4629 [32minfo[39m: [32m  App is running at http://localhost:%d in %s mode[39m
2022-10-01 15:46:29:4629 [32minfo[39m: [32m  Press CTRL-C to stop[39m
[32m[39m
2022-10-01 15:46:29:4629 [32minfo[39m: [32mMongoDB Connected...[39m
2022-10-01 15:46:29:4629 [32minfo[39m: [32mAttempting to populate database with user types...[39m
2022-10-01 15:46:29:4629 [32minfo[39m: [32mDatabase already populated with user types. - Skipping.[39m
2022-10-01 15:52:53:5253 [32minfo[39m: [32mpassport and sessions loaded[39m
2022-10-01 15:52:53:5253 [32minfo[39m: [32m  App is running at http://localhost:%d in %s mode[39m
2022-10-01 15:52:53:5253 [32minfo[39m: [32m  Press CTRL-C to stop[39m
[32m[39m
2022-10-01 15:52:53:5253 [32minfo[39m: [32mMongoDB Connected...[39m
2022-10-01 15:52:53:5253 [32minfo[39m: [32mAttempting to populate database with user types...[39m
2022-10-01 15:52:53:5253 [32minfo[39m: [32mDatabase already populated with user types. - Skipping.[39m
